Engine: Init
PlatformSystem: Init
CheatSystem: Init
SceneSystem: Init
ParticleSystem: Init
Engine: Update
Level2: Load
Level2: Init
Level2: Update
Engine: Render
Level2: Render
Engine: Update
Level2: Update
Engine: Render
Level2: Render
Engine: Update
Level2: Update
Engine: Render
Level2: Render
Engine: Update
Level2: Update
Engine: Render
Level2: Render
Engine: Update
Level2: Update
Engine: Render
Level2: Render
Engine: Update
Level2: Update
Engine: Render
Level2: Render
Engine: Update
Level2: Update
Engine: Render
Level2: Render
Engine: Update
Level2: Update
Engine: Render
Level2: Render
Engine: Update
Level2: Update
Engine: Render
Level2: Render
Engine: Update
Level2: Update
Engine: Render
Level2: Render
Engine: Update
Level2: Update
Engine: Render
Level2: Render
Engine: Update
Level2: Update
Engine: Render
Level2: Render
Engine: Update
Level2: Update
Engine: Render
Level2: Render
Engine: Update
Level2: Update
Engine: Render
Level2: Render
Engine: Update
Level2: Update
Engine: Render
Level2: Render
Engine: Update
Level2: Update
Engine: Render
Level2: Render
Engine: Update
Level2: Update
Engine: Render
Level2: Render
Engine: Update
Level2: Update
Engine: Render
Level2: Render
Engine: Update
Level2: Update
Engine: Render
Level2: Render
Engine: Update
Level2: Update
Engine: Render
Level2: Render
Engine: Update
Level2: Update
Engine: Render
Level2: Render
Engine: Update
Level2: Update
Engine: Render
Level2: Render
Engine: Update
Level2: Update
Engine: Render
Level2: Render
Engine: Update
Level2: Update
Engine: Render
Level2: Render
Engine: Update
Level2: Update
Engine: Render
Level2: Render
Engine: Update
Level2: Update
Engine: Render
Level2: Render
Engine: Update
Level2: Update
Engine: Render
Level2: Render
Engine: Update
Level2: Update
Engine: Render
Level2: Render
Engine: Update
Level2: Update
Engine: Render
Level2: Render
Engine: Update
Level2: Update
Engine: Render
Level2: Render
Engine: Update
Level2: Update
Engine: Render
Level2: Render
Engine: Update
Level2: Update
Engine: Render
Level2: Render
Engine: Update
Level2: Update
Engine: Render
Level2: Render
Engine: Update
Level2: Update
Engine: Render
Level2: Render
Engine: Update
Level2: Update
Engine: Render
Level2: Render
Engine: Update
Level2: Update
Engine: Render
Level2: Render
Engine: Update
Level2: Update
Engine: Render
Level2: Render
Engine: Update
Level2: Update
Engine: Render
Level2: Render
Engine: Update
Level2: Update
Engine: Render
Level2: Render
Engine: Update
Level2: Update
Engine: Render
Level2: Render
Engine: Update
Level2: Update
Engine: Render
Level2: Render
Engine: Update
Level2: Update
Engine: Render
Level2: Render
Engine: Update
Level2: Update
Engine: Render
Level2: Render
Engine: Update
Level2: Update
Engine: Render
Level2: Render
Engine: Update
Level2: Update
Engine: Render
Level2: Render
Engine: Update
Level2: Update
Engine: Render
Level2: Render
Engine: Update
Level2: Update
Engine: Render
Level2: Render
Engine: Update
Level2: Update
Engine: Render
Level2: Render
Engine: Update
Level2: Update
Engine: Render
Level2: Render
Engine: Update
Level2: Update
Engine: Render
Level2: Render
Engine: Update
Level2: Update
Engine: Render
Level2: Render
Engine: Update
Level2: Update
Engine: Render
Level2: Render
Engine: Update
Level2: Update
Engine: Render
Level2: Render
Engine: Update
Level2: Update
Engine: Render
Level2: Render
Engine: Update
Level2: Update
Engine: Render
Level2: Render
Engine: Update
Level2: Update
Engine: Render
Level2: Render
Engine: Update
Level2: Update
Engine: Render
Level2: Render
Engine: Update
Level2: Update
Engine: Render
Level2: Render
Engine: Update
Level2: Update
Engine: Render
Level2: Render
Engine: Update
Level2: Update
Engine: Render
Level2: Render
Engine: Update
Level2: Update
Engine: Render
Level2: Render
Engine: Update
Level2: Update
Engine: Render
Level2: Render
Engine: Update
Level2: Update
Engine: Render
Level2: Render
Engine: Update
Level2: Update
Engine: Render
Level2: Render
Engine: Update
Level2: Update
Engine: Render
Level2: Render
Engine: Update
Level2: Update
Engine: Render
Level2: Render
Engine: Update
Level2: Update
Engine: Render
Level2: Render
Engine: Update
Level2: Update
Engine: Render
Level2: Render
Engine: Update
Level2: Update
Engine: Render
Level2: Render
Engine: Update
Level2: Update
Engine: Render
Level2: Render
Engine: Update
Level2: Update
Engine: Render
Level2: Render
Engine: Update
Level2: Update
Engine: Render
Level2: Render
Engine: Update
Level2: Update
Engine: Render
Level2: Render
Engine: Update
Level2: Update
Engine: Render
Level2: Render
Engine: Update
Level2: Exit
Level2: Unload
Engine: Render
Engine: Exit
ParticleSystem: Exit
SceneSystem: Exit
CheatSystem: Exit
PlatformSystem: Exit
